2015/02/14 12:41:50 [error] [exception.CException] exception 'CException' with message 'SiteController cannot find the requested view "index".' in /Users/mak/sites/framework/web/CController.php:878
Stack trace:
#0 /Users/mak/sites/framework/web/CController.php(782): CController->renderPartial('index', NULL, true)
#1 /Users/mak/sites/protected/controllers/SiteController.php(32): CController->render('index')
#2 /Users/mak/sites/framework/web/actions/CInlineAction.php(49): SiteController->actionIndex()
#3 /Users/mak/sites/framework/web/CController.php(308): CInlineAction->runWithParams(Array)
#4 /Users/mak/sites/framework/web/CController.php(286): CController->runAction(Object(CInlineAction))
#5 /Users/mak/sites/framework/web/CController.php(265): CController->runActionWithFilters(Object(CInlineAction), Array)
#6 /Users/mak/sites/framework/web/CWebApplication.php(282): CController->run('')
#7 /Users/mak/sites/framework/web/CWebApplication.php(141): CWebApplication->runController('')
#8 /Users/mak/sites/framework/base/CApplication.php(184): CWebApplication->processRequest()
#9 /Users/mak/sites/index.php(13): CApplication->run()
#10 {main}
REQUEST_URI=/
---
2015/02/14 12:53:56 [error] [php] Object of class SiteController could not be converted to string (/Users/mak/sites/protected/controllers/SiteController.php:32)
Stack trace:
#0 /Users/mak/sites/framework/web/CController.php(286): SiteController->runAction()
#1 /Users/mak/sites/framework/web/CController.php(265): SiteController->runActionWithFilters()
#2 /Users/mak/sites/framework/web/CWebApplication.php(282): SiteController->run()
#3 /Users/mak/sites/framework/web/CWebApplication.php(141): CWebApplication->runController()
#4 /Users/mak/sites/framework/base/CApplication.php(184): CWebApplication->processRequest()
#5 /Users/mak/sites/index.php(13): CWebApplication->run()
REQUEST_URI=/
in /Users/mak/sites/protected/controllers/SiteController.php (32)
in /Users/mak/sites/index.php (13)
2015/02/14 12:53:59 [error] [php] Object of class SiteController could not be converted to string (/Users/mak/sites/protected/controllers/SiteController.php:32)
Stack trace:
#0 /Users/mak/sites/framework/web/CController.php(286): SiteController->runAction()
#1 /Users/mak/sites/framework/web/CController.php(265): SiteController->runActionWithFilters()
#2 /Users/mak/sites/framework/web/CWebApplication.php(282): SiteController->run()
#3 /Users/mak/sites/framework/web/CWebApplication.php(141): CWebApplication->runController()
#4 /Users/mak/sites/framework/base/CApplication.php(184): CWebApplication->processRequest()
#5 /Users/mak/sites/index.php(13): CWebApplication->run()
REQUEST_URI=/
in /Users/mak/sites/protected/controllers/SiteController.php (32)
in /Users/mak/sites/index.php (13)
2015/02/14 13:01:45 [error] [exception.CException] exception 'CException' with message 'SiteController cannot find the requested view "main".' in /Users/mak/sites/framework/web/CController.php:878
Stack trace:
#0 /Users/mak/sites/framework/web/CController.php(782): CController->renderPartial('main', Array, true)
#1 /Users/mak/sites/protected/controllers/SiteController.php(32): CController->render('main', Array, true)
#2 /Users/mak/sites/framework/web/actions/CInlineAction.php(49): SiteController->actionIndex()
#3 /Users/mak/sites/framework/web/CController.php(308): CInlineAction->runWithParams(Array)
#4 /Users/mak/sites/framework/web/CController.php(286): CController->runAction(Object(CInlineAction))
#5 /Users/mak/sites/framework/web/CController.php(265): CController->runActionWithFilters(Object(CInlineAction), Array)
#6 /Users/mak/sites/framework/web/CWebApplication.php(282): CController->run('')
#7 /Users/mak/sites/framework/web/CWebApplication.php(141): CWebApplication->runController('')
#8 /Users/mak/sites/framework/base/CApplication.php(184): CWebApplication->processRequest()
#9 /Users/mak/sites/index.php(13): CApplication->run()
#10 {main}
REQUEST_URI=/
---
